::1 - - [29/Jun/2018:02:18:44 +0000] "GET / HTTP/1.1" 404 139
::1 - - [29/Jun/2018:02:18:45 +0000] "GET /favicon.ico HTTP/1.1" 404 150
::1 - - [29/Jun/2018:02:19:14 +0000] "GET /login HTTP/1.1" 200 14
::1 - - [29/Jun/2018:02:19:28 +0000] "GET /login HTTP/1.1" 304 -
::1 - - [29/Jun/2018:02:19:29 +0000] "GET /login HTTP/1.1" 304 -
::1 - - [29/Jun/2018:02:20:14 +0000] "GET /login HTTP/1.1" 500 1161
::1 - - [29/Jun/2018:02:21:08 +0000] "GET /login HTTP/1.1" 500 1157
::1 - - [29/Jun/2018:02:21:37 +0000] "GET /login HTTP/1.1" 200 14
::1 - - [29/Jun/2018:03:48:00 +0000] "GET / HTTP/1.1" 404 139
::1 - - [29/Jun/2018:03:48:10 +0000] "GET /login HTTP/1.1" 304 -
::1 - - [29/Jun/2018:03:48:38 +0000] "GET /login HTTP/1.1" 304 -
::1 - - [29/Jun/2018:03:49:10 +0000] "GET /login HTTP/1.1" 304 -
::1 - - [29/Jun/2018:03:49:10 +0000] "GET /login HTTP/1.1" 304 -
::1 - - [29/Jun/2018:03:49:10 +0000] "GET /login HTTP/1.1" 304 -
::1 - - [29/Jun/2018:03:49:11 +0000] "GET /login HTTP/1.1" 304 -
::1 - - [29/Jun/2018:03:49:11 +0000] "GET /login HTTP/1.1" 304 -
::1 - - [29/Jun/2018:03:50:17 +0000] "GET /login HTTP/1.1" 304 -
::1 - - [29/Jun/2018:03:51:35 +0000] "GET /login HTTP/1.1" 304 -
::1 - - [29/Jun/2018:03:51:46 +0000] "GET /login HTTP/1.1" 304 -
::1 - - [29/Jun/2018:03:51:47 +0000] "GET /login HTTP/1.1" 304 -
::1 - - [29/Jun/2018:03:51:47 +0000] "GET /login HTTP/1.1" 304 -
::1 - - [29/Jun/2018:03:52:39 +0000] "GET /login HTTP/1.1" 304 -
::1 - - [29/Jun/2018:03:52:40 +0000] "GET /login HTTP/1.1" 304 -
::1 - - [29/Jun/2018:03:52:40 +0000] "GET /login HTTP/1.1" 304 -
::1 - - [29/Jun/2018:03:52:40 +0000] "GET /login HTTP/1.1" 304 -
::1 - - [29/Jun/2018:03:52:55 +0000] "GET /login HTTP/1.1" 304 -
::1 - - [29/Jun/2018:03:52:56 +0000] "GET /login HTTP/1.1" 304 -
::1 - - [29/Jun/2018:03:52:56 +0000] "GET /login HTTP/1.1" 304 -
::1 - - [29/Jun/2018:03:52:56 +0000] "GET /login HTTP/1.1" 304 -
::1 - - [29/Jun/2018:03:53:17 +0000] "GET /login HTTP/1.1" 304 -
::1 - - [29/Jun/2018:03:53:18 +0000] "GET /login HTTP/1.1" 304 -
::1 - - [29/Jun/2018:03:53:31 +0000] "GET /login HTTP/1.1" 304 -
::1 - - [29/Jun/2018:03:53:56 +0000] "GET /login HTTP/1.1" 304 -
::1 - - [29/Jun/2018:03:56:38 +0000] "GET / HTTP/1.1" 404 139
::1 - - [29/Jun/2018:03:56:48 +0000] "GET / HTTP/1.1" 200 14
::1 - - [29/Jun/2018:03:57:45 +0000] "GET / HTTP/1.1" 304 -
::1 - - [29/Jun/2018:03:57:51 +0000] "GET /login HTTP/1.1" 304 -
::1 - - [29/Jun/2018:03:58:31 +0000] "GET / HTTP/1.1" 304 -
::1 - - [29/Jun/2018:03:58:46 +0000] "GET /login HTTP/1.1" 304 -
::1 - - [29/Jun/2018:03:59:09 +0000] "GET / HTTP/1.1" 304 -
::1 - - [29/Jun/2018:03:59:13 +0000] "GET /login HTTP/1.1" 304 -
::1 - - [29/Jun/2018:03:59:23 +0000] "GET /login HTTP/1.1" 304 -
::1 - - [29/Jun/2018:03:59:41 +0000] "GET /login HTTP/1.1" 304 -
::1 - - [29/Jun/2018:03:59:41 +0000] "GET /login HTTP/1.1" 304 -
::1 - - [29/Jun/2018:04:00:31 +0000] "GET /login HTTP/1.1" 304 -
::1 - - [29/Jun/2018:04:01:51 +0000] "GET /login HTTP/1.1" 304 -
::1 - - [29/Jun/2018:04:01:55 +0000] "GET /login HTTP/1.1" 304 -
::1 - - [29/Jun/2018:04:01:58 +0000] "GET / HTTP/1.1" 304 -
::1 - - [29/Jun/2018:04:02:07 +0000] "GET /login HTTP/1.1" 304 -
::1 - - [29/Jun/2018:04:02:25 +0000] "GET /login HTTP/1.1" 304 -
::1 - - [29/Jun/2018:04:02:31 +0000] "GET /login HTTP/1.1" 304 -
::1 - - [29/Jun/2018:04:02:33 +0000] "GET /login HTTP/1.1" 304 -
::1 - - [29/Jun/2018:04:02:33 +0000] "GET /login HTTP/1.1" 304 -
::1 - - [29/Jun/2018:04:02:34 +0000] "GET /login HTTP/1.1" 304 -
::1 - - [29/Jun/2018:04:43:58 +0000] "GET /login HTTP/1.1" 304 -
::1 - - [29/Jun/2018:04:44:23 +0000] "GET /login HTTP/1.1" 304 -
::1 - - [29/Jun/2018:04:44:36 +0000] "GET /login HTTP/1.1" 304 -
::1 - - [29/Jun/2018:04:44:59 +0000] "GET /login HTTP/1.1" 200 15
::1 - - [29/Jun/2018:04:45:25 +0000] "GET /login HTTP/1.1" 304 -
::1 - - [29/Jun/2018:05:07:18 +0000] "GET /login HTTP/1.1" 304 -
::1 - - [29/Jun/2018:05:07:19 +0000] "GET /login HTTP/1.1" 304 -
::1 - - [29/Jun/2018:05:07:47 +0000] "GET /login HTTP/1.1" 304 -
::1 - - [29/Jun/2018:05:08:17 +0000] "GET /login HTTP/1.1" 304 -
::1 - - [29/Jun/2018:05:08:46 +0000] "GET / HTTP/1.1" 304 -
::1 - - [29/Jun/2018:05:09:43 +0000] "GET / HTTP/1.1" 200 14
::1 - - [29/Jun/2018:05:09:43 +0000] "GET /favicon.ico HTTP/1.1" 404 150
::1 - - [29/Jun/2018:05:10:32 +0000] "GET /login HTTP/1.1" 304 -
::1 - - [29/Jun/2018:05:12:55 +0000] "GET / HTTP/1.1" 304 -
::1 - - [29/Jun/2018:05:13:09 +0000] "GET /login HTTP/1.1" 304 -
::1 - - [29/Jun/2018:05:14:53 +0000] "GET /login HTTP/1.1" 304 -
::1 - - [29/Jun/2018:05:15:01 +0000] "GET / HTTP/1.1" 304 -
::1 - - [29/Jun/2018:05:15:25 +0000] "GET / HTTP/1.1" 304 -
::1 - - [29/Jun/2018:05:15:33 +0000] "GET /?ab=n HTTP/1.1" 200 14
::1 - - [29/Jun/2018:05:16:39 +0000] "GET / HTTP/1.1" 304 -
::1 - - [29/Jun/2018:05:16:52 +0000] "GET /?name=dfdf HTTP/1.1" 200 14
::1 - - [29/Jun/2018:05:17:14 +0000] "GET /login HTTP/1.1" 304 -
::1 - - [29/Jun/2018:05:17:35 +0000] "GET /?name1=dfdf HTTP/1.1" 200 14
::1 - - [29/Jun/2018:05:17:42 +0000] "GET /login HTTP/1.1" 304 -
::1 - - [29/Jun/2018:05:21:12 +0000] "GET /?name1=dfdf HTTP/1.1" 304 -
::1 - - [29/Jun/2018:05:21:46 +0000] "GET /?name=dfdf HTTP/1.1" 304 -
::1 - - [29/Jun/2018:05:22:14 +0000] "GET /?name=dfdf HTTP/1.1" 304 -
::1 - - [29/Jun/2018:05:22:37 +0000] "GET /?name1=dfdf HTTP/1.1" 304 -
::1 - - [29/Jun/2018:05:22:57 +0000] "GET /?name1=dfdf HTTP/1.1" 304 -
::1 - - [29/Jun/2018:05:24:05 +0000] "GET /?name=12 HTTP/1.1" 200 14
::1 - - [29/Jun/2018:05:24:34 +0000] "GET /?name=12 HTTP/1.1" 200 14
::1 - - [29/Jun/2018:05:24:55 +0000] "GET /?name1=dfdf HTTP/1.1" 304 -
::1 - - [29/Jun/2018:07:32:23 +0000] "GET / HTTP/1.1" 304 -
::1 - - [29/Jun/2018:07:33:41 +0000] "GET / HTTP/1.1" 304 -
::1 - - [29/Jun/2018:07:33:47 +0000] "GET /login HTTP/1.1" 304 -
::1 - - [29/Jun/2018:08:21:15 +0000] "GET / HTTP/1.1" 304 -
