0 info it worked if it ends with ok
1 verbose cli [ 'D:\\后端开发工具\\nodejs\\node.exe',
1 verbose cli   'C:\\Users\\Administrator.I6KYHHJFESOYTWH\\AppData\\Roaming\\npm\\node_modules\\cnpm\\node_modules\\npm\\bin\\npm-cli.js',
1 verbose cli   '--userconfig=C:\\Users\\Administrator.I6KYHHJFESOYTWH\\.cnpmrc',
1 verbose cli   '--disturl=https://npm.taobao.org/mirrors/node',
1 verbose cli   '--registry=https://registry.npm.taobao.org',
1 verbose cli   'run',
1 verbose cli   'server' ]
2 info using npm@3.10.10
3 info using node@v6.9.5
4 verbose run-script [ 'preserver', 'server', 'postserver' ]
5 info lifecycle app@~preserver: app@
6 silly lifecycle app@~preserver: no script for preserver, continuing
7 info lifecycle app@~server: app@
8 verbose lifecycle app@~server: unsafe-perm in lifecycle true
9 verbose lifecycle app@~server: PATH: C:\Users\Administrator.I6KYHHJFESOYTWH\AppData\Roaming\npm\node_modules\cnpm\node_modules\npm\bin\node-gyp-bin;E:\nodejs\node_modules\.bin;C:\Users\Administrator.I6KYHHJFESOYTWH\bin;D:\前端开发工具\Git\mingw64\bin;D:\前端开发工具\Git\usr\local\bin;D:\前端开发工具\Git\usr\bin;D:\前端开发工具\Git\usr\bin;D:\前端开发工具\Git\mingw64\bin;D:\前端开发工具\Git\usr\bin;C:\Users\Administrator.I6KYHHJFESOYTWH\bin;C:\WINDOWS\system32;C:\WINDOWS;C:\WINDOWS\System32\Wbem;C:\WINDOWS\System32\WindowsPowerShell\v1.0;D:\前端开发工具\Git\cmd;C:\Program Files\Microsoft\Web Platform Installer;D:\后端开发工具\mongoDB\bin;D:\java\androidsdk\platform-tools;D:\后端开发工具\nodejs;C:\Users\Administrator.I6KYHHJFESOYTWH\AppData\Local\Microsoft\WindowsApps;C:\Users\Administrator.I6KYHHJFESOYTWH\AppData\Roaming\npm;D:\前端开发工具\Git\usr\bin\vendor_perl;D:\前端开发工具\Git\usr\bin\core_perl
10 verbose lifecycle app@~server: CWD: E:\nodejs
11 silly lifecycle app@~server: Args: [ '/d /s /c', 'supervisor express-app/app.js' ]
12 silly lifecycle app@~server: Returned: code: 3  signal: null
13 info lifecycle app@~server: Failed to exec server script
14 verbose stack Error: app@ server: `supervisor express-app/app.js`
14 verbose stack Exit status 3
14 verbose stack     at EventEmitter.<anonymous> (C:\Users\Administrator.I6KYHHJFESOYTWH\AppData\Roaming\npm\node_modules\cnpm\node_modules\npm\lib\utils\lifecycle.js:255:16)
14 verbose stack     at emitTwo (events.js:106:13)
14 verbose stack     at EventEmitter.emit (events.js:191:7)
14 verbose stack     at ChildProcess.<anonymous> (C:\Users\Administrator.I6KYHHJFESOYTWH\AppData\Roaming\npm\node_modules\cnpm\node_modules\npm\lib\utils\spawn.js:40:14)
14 verbose stack     at emitTwo (events.js:106:13)
14 verbose stack     at ChildProcess.emit (events.js:191:7)
14 verbose stack     at maybeClose (internal/child_process.js:877:16)
14 verbose stack     at Process.ChildProcess._handle.onexit (internal/child_process.js:226:5)
15 verbose pkgid app@
16 verbose cwd E:\nodejs
17 error Windows_NT 10.0.14393
18 error argv "D:\\后端开发工具\\nodejs\\node.exe" "C:\\Users\\Administrator.I6KYHHJFESOYTWH\\AppData\\Roaming\\npm\\node_modules\\cnpm\\node_modules\\npm\\bin\\npm-cli.js" "--userconfig=C:\\Users\\Administrator.I6KYHHJFESOYTWH\\.cnpmrc" "--disturl=https://npm.taobao.org/mirrors/node" "--registry=https://registry.npm.taobao.org" "run" "server"
19 error node v6.9.5
20 error npm  v3.10.10
21 error code ELIFECYCLE
22 error app@ server: `supervisor express-app/app.js`
22 error Exit status 3
23 error Failed at the app@ server script 'supervisor express-app/app.js'.
23 error Make sure you have the latest version of node.js and npm installed.
23 error If you do, this is most likely a problem with the app package,
23 error not with npm itself.
23 error Tell the author that this fails on your system:
23 error     supervisor express-app/app.js
23 error You can get information on how to open an issue for this project with:
23 error     npm bugs app
23 error Or if that isn't available, you can get their info via:
23 error     npm owner ls app
23 error There is likely additional logging output above.
24 verbose exit [ 1, true ]
